C:\USERS\ADMIN\DROPBOX\C\FACEBULL\IMPORT\DEBUG\FACEBULL.EXE
C:\USERS\ADMIN\DROPBOX\C\FACEBULL\IMPORT\DEBUG\FACEBULL.ILK
C:\USERS\ADMIN\DROPBOX\C\FACEBULL\IMPORT\DEBUG\FACEBULL.PDB
C:\Users\Admin\Dropbox\C\Facebull\Import\Import\Debug\cl.command.1.tlog
C:\Users\Admin\Dropbox\C\Facebull\Import\Import\Debug\CL.read.1.tlog
C:\Users\Admin\Dropbox\C\Facebull\Import\Import\Debug\CL.write.1.tlog
C:\USERS\ADMIN\DROPBOX\C\FACEBULL\IMPORT\IMPORT\DEBUG\FACEBULL.EXE.EMBED.MANIFEST
C:\USERS\ADMIN\DROPBOX\C\FACEBULL\IMPORT\IMPORT\DEBUG\FACEBULL.EXE.EMBED.MANIFEST.RES
C:\USERS\ADMIN\DROPBOX\C\FACEBULL\IMPORT\IMPORT\DEBUG\FACEBULL.EXE.INTERMEDIATE.MANIFEST
C:\USERS\ADMIN\DROPBOX\C\FACEBULL\IMPORT\IMPORT\DEBUG\FACEBULL.OBJ
C:\USERS\ADMIN\DROPBOX\C\FACEBULL\IMPORT\IMPORT\DEBUG\FACEBULL.PCH
C:\Users\Admin\Dropbox\C\Facebull\Import\Import\Debug\Facebull_manifest.rc
C:\USERS\ADMIN\DROPBOX\C\FACEBULL\IMPORT\IMPORT\DEBUG\IMPORT FUNCTIONS.OBJ
C:\USERS\ADMIN\DROPBOX\C\FACEBULL\IMPORT\IMPORT\DEBUG\INITIALISE NETWORK.OBJ
C:\Users\Admin\Dropbox\C\Facebull\Import\Import\Debug\link.command.1.tlog
C:\Users\Admin\Dropbox\C\Facebull\Import\Import\Debug\link.read.1.tlog
C:\Users\Admin\Dropbox\C\Facebull\Import\Import\Debug\link.write.1.tlog
C:\Users\Admin\Dropbox\C\Facebull\Import\Import\Debug\link-cvtres.read.1.tlog
C:\Users\Admin\Dropbox\C\Facebull\Import\Import\Debug\link-cvtres.write.1.tlog
C:\Users\Admin\Dropbox\C\Facebull\Import\Import\Debug\mt.command.1.tlog
C:\Users\Admin\Dropbox\C\Facebull\Import\Import\Debug\mt.read.1.tlog
C:\Users\Admin\Dropbox\C\Facebull\Import\Import\Debug\mt.write.1.tlog
C:\Users\Admin\Dropbox\C\Facebull\Import\Import\Debug\rc.command.1.tlog
C:\Users\Admin\Dropbox\C\Facebull\Import\Import\Debug\rc.read.1.tlog
C:\Users\Admin\Dropbox\C\Facebull\Import\Import\Debug\rc.write.1.tlog
C:\USERS\ADMIN\DROPBOX\C\FACEBULL\IMPORT\IMPORT\DEBUG\STDAFX.OBJ
C:\Users\Admin\Dropbox\C\Facebull\Import\Import\Debug\vc100.idb
C:\USERS\ADMIN\DROPBOX\C\FACEBULL\IMPORT\IMPORT\DEBUG\VC100.PDB
C:\USERS\ADMIN\DROPBOX\C\FACEBULL\IMPORT\IMPORT\DEBUG\WELL1024A.OBJ
