Build started 13/07/2011 16:35:23.
     1>Project "C:\Users\Admin\Dropbox\C\Facebull\Import\Import\Import.vcxproj" on node 2 (build target(s)).
     1>InitializeBuildStatus:
         Creating "Debug\Facebull.unsuccessfulbuild" because "AlwaysCreate" was specified.
       ClCompile:
         All outputs are up-to-date.
         C:\Program Files\Microsoft Visual Studio 10.0\VC\bin\CL.exe /c /ZI /nologo /W3 /WX- /Od /Oy- /D WIN32 /D _DEBUG /D _CONSOLE /D _UNICODE /D UNICODE /Gm /EHsc /RTC1 /MDd /GS /fp:precise /Zc:wchar_t /Zc:forScope /Yu"StdAfx.h" /Fp"Debug\Facebull.pch" /Fo"Debug\\" /Fd"Debug\vc100.pdb" /Gd /TP /analyze- /errorReport:prompt Facebull.cpp "Initialise Network.cpp"
         Initialise Network.cpp
     1>c:\users\admin\dropbox\c\facebull\import\import\initialise network.cpp(165): warning C4244: 'argument' : conversion from 'LONGLONG' to 'unsigned int', possible loss of data
     1>c:\users\admin\dropbox\c\facebull\import\import\initialise network.cpp(613): warning C4101: 'i' : unreferenced local variable
         Facebull.cpp
         Generating Code...
     1>cl : Command line warning D9028: minimal rebuild failure, reverting to normal build
       ManifestResourceCompile:
         All outputs are up-to-date.
       Link:
         C:\Program Files\Microsoft Visual Studio 10.0\VC\bin\link.exe /ERRORREPORT:PROMPT /OUT:"C:\Users\Admin\Dropbox\C\Facebull\Import\Debug\Facebull.exe" /INCREMENTAL /NOLOGO kernel32.lib user32.lib gdi32.lib winspool.lib comdlg32.lib advapi32.lib shell32.lib ole32.lib oleaut32.lib uuid.lib odbc32.lib odbccp32.lib /MANIFEST /ManifestFile:"Debug\Facebull.exe.intermediate.manifest" /MANIFESTUAC:"level='asInvoker' uiAccess='false'" /DEBUG /PDB:"C:\Users\Admin\Dropbox\C\Facebull\Import\Debug\Facebull.pdb" /SUBSYSTEM:CONSOLE /TLBID:1 /DYNAMICBASE /NXCOMPAT /IMPLIB:"C:\Users\Admin\Dropbox\C\Facebull\Import\Debug\Facebull.lib" /MACHINE:X86 Debug\Facebull.exe.embed.manifest.res
         Debug\Facebull.obj
         "Debug\Import Functions.obj"
         "Debug\Initialise Network.obj"
         Debug\stdafx.obj
         Debug\WELL1024a.obj
       Manifest:
         C:\Program Files\Microsoft SDKs\Windows\v7.0A\bin\mt.exe /nologo /verbose /out:"Debug\Facebull.exe.embed.manifest" /manifest Debug\Facebull.exe.intermediate.manifest
         All outputs are up-to-date.
       LinkEmbedManifest:
         All outputs are up-to-date.
         Import.vcxproj -> C:\Users\Admin\Dropbox\C\Facebull\Import\Debug\Facebull.exe
       FinalizeBuildStatus:
         Deleting file "Debug\Facebull.unsuccessfulbuild".
         Touching "Debug\Facebull.lastbuildstate".
     1>Done Building Project "C:\Users\Admin\Dropbox\C\Facebull\Import\Import\Import.vcxproj" (build target(s)).

Build succeeded.

Time Elapsed 00:00:13.54
